#
# There is insufficient memory for the Java Runtime Environment to continue.
# Native memory allocation (malloc) failed to allocate 1219472 bytes for Chunk::new
# Possible reasons:
#   The system is out of physical RAM or swap space
#   In 32 bit mode, the process size limit was hit
# Possible solutions:
#   Reduce memory load on the system
#   Increase physical memory or swap space
#   Check if swap backing store is full
#   Use 64 bit Java on a 64 bit OS
#   Decrease Java heap size (-Xmx/-Xms)
#   Decrease number of Java threads
#   Decrease Java thread stack sizes (-Xss)
#   Set larger code cache with -XX:ReservedCodeCacheSize=
# This output file may be truncated or incomplete.
#
#  Out of Memory Error (allocation.cpp:390), pid=11148, tid=0x0000000000003bc8
#
# JRE version: OpenJDK Runtime Environment (8.0_152-b01) (build 1.8.0_152-release-915-b01)
# Java VM: OpenJDK 64-Bit Server VM (25.152-b01 mixed mode windows-amd64 compressed oops)
# Failed to write core dump. Minidumps are not enabled by default on client versions of Windows
#

---------------  T H R E A D  ---------------

Current thread (0x000000001aa34800):  JavaThread "C2 CompilerThread0" daemon [_thread_in_native, id=15304, stack(0x000000001b300000,0x000000001b400000)]

Stack: [0x000000001b300000,0x000000001b400000]
[error occurred during error reporting (printing stack bounds), id 0xc0000005]

Native frames: (J=compiled Java code, j=interpreted, Vv=VM code, C=native code)


Current CompileTask:
C2:  14728 5605       4       sun.reflect.generics.parser.SignatureParser::parseFieldTypeSignature (73 bytes)


---------------  P R O C E S S  ---------------

Java Threads: ( => current thread )
  0x0000000021237800 JavaThread "Memory manager" [_thread_blocked, id=9136, stack(0x0000000025530000,0x0000000025630000)]
  0x0000000021239000 JavaThread "pool-1-thread-1" [_thread_blocked, id=1216, stack(0x0000000025230000,0x0000000025330000)]
  0x0000000021235800 JavaThread "build operations Thread 8" [_thread_blocked, id=9692, stack(0x0000000023b30000,0x0000000023c30000)]
  0x0000000021238800 JavaThread "build operations Thread 7" [_thread_blocked, id=10344, stack(0x0000000023a30000,0x0000000023b30000)]
  0x000000002123b800 JavaThread "build operations Thread 6" [_thread_blocked, id=14552, stack(0x0000000023930000,0x0000000023a30000)]
  0x000000001d427800 JavaThread "build operations Thread 5" [_thread_blocked, id=2912, stack(0x0000000023830000,0x0000000023930000)]
  0x000000001d429000 JavaThread "build operations Thread 4" [_thread_blocked, id=7124, stack(0x0000000023730000,0x0000000023830000)]
  0x000000001d427000 JavaThread "build operations Thread 3" [_thread_blocked, id=4916, stack(0x0000000023630000,0x0000000023730000)]
  0x000000001d426000 JavaThread "build operations Thread 2" [_thread_blocked, id=11180, stack(0x0000000023050000,0x0000000023150000)]
  0x000000001d42a800 JavaThread "build operations" [_thread_blocked, id=16168, stack(0x0000000021c90000,0x0000000021d90000)]
  0x000000001d42a000 JavaThread "Cache worker for Artifact transforms cache (C:\Users\dylan\.gradle\caches\transforms-1)" [_thread_blocked, id=16060, stack(0x0000000020af0000,0x0000000020bf0000)]
  0x000000001d104800 JavaThread "Cache worker for file hash cache (C:\Users\dylan\AndroidStudioProjects\CultureMeshAndroid\.gradle\4.1\fileHashes)" [_thread_blocked, id=12768, stack(0x000000001f620000,0x000000001f720000)]
  0x000000001ce1d000 JavaThread "File lock request listener" [_thread_in_native, id=15064, stack(0x000000001f320000,0x000000001f420000)]
  0x000000001c7f6000 JavaThread "Cache worker for file hash cache (C:\Users\dylan\.gradle\caches\4.1\fileHashes)" [_thread_blocked, id=8168, stack(0x000000001f220000,0x000000001f320000)]
  0x000000001ca65800 JavaThread "Stdin handler" [_thread_blocked, id=9240, stack(0x000000001f120000,0x000000001f220000)]
  0x000000001ca64800 JavaThread "Asynchronous log dispatcher for DefaultDaemonConnection: socket connection from /127.0.0.1:53267 to /127.0.0.1:53268" [_thread_blocked, id=11668, stack(0x000000001ef20000,0x000000001f020000)]
  0x000000001ca64000 JavaThread "Daemon worker" [_thread_in_vm, id=5912, stack(0x000000001ee20000,0x000000001ef20000)]
  0x000000001cff5800 JavaThread "Cancel handler" [_thread_blocked, id=12600, stack(0x000000001ed20000,0x000000001ee20000)]
  0x000000001c1c6800 JavaThread "Handler for socket connection from /127.0.0.1:53267 to /127.0.0.1:53268" [_thread_in_native, id=14168, stack(0x000000001ea20000,0x000000001eb20000)]
  0x000000001c217800 JavaThread "Daemon" [_thread_blocked, id=1504, stack(0x000000001e920000,0x000000001ea20000)]
  0x000000001cc3d800 JavaThread "Daemon periodic checks" [_thread_blocked, id=7632, stack(0x000000001e820000,0x000000001e920000)]
  0x000000001c50f000 JavaThread "Incoming local TCP Connector on port 53267" [_thread_in_native, id=16164, stack(0x000000001e5e0000,0x000000001e6e0000)]
  0x000000001aad0800 JavaThread "Service Thread" daemon [_thread_blocked, id=14128, stack(0x000000001b700000,0x000000001b800000)]
  0x000000001aa3f800 JavaThread "C1 CompilerThread3" daemon [_thread_blocked, id=9752, stack(0x000000001b600000,0x000000001b700000)]
  0x000000001aa3e800 JavaThread "C2 CompilerThread2" daemon [_thread_in_native, id=5764, stack(0x000000001b500000,0x000000001b600000)]
  0x000000001aa37000 JavaThread "C2 CompilerThread1" daemon [_thread_blocked, id=2924, stack(0x000000001b400000,0x000000001b500000)]
=>0x000000001aa34800 JavaThread "C2 CompilerThread0" daemon [_thread_in_native, id=15304, stack(0x000000001b300000,0x000000001b400000)]
  0x000000001aa46000 JavaThread "Attach Listener" daemon [_thread_blocked, id=5152, stack(0x000000001b200000,0x000000001b300000)]
  0x000000001aa43000 JavaThread "Signal Dispatcher" daemon [_thread_blocked, id=14636, stack(0x000000001b100000,0x000000001b200000)]
  0x000000001aa30800 JavaThread "Finalizer" daemon [_thread_blocked, id=6120, stack(0x000000001ae10000,0x000000001af10000)]
  0x0000000004d4a000 JavaThread "Reference Handler" daemon [_thread_blocked, id=1064, stack(0x000000001a910000,0x000000001aa10000)]
  0x0000000004c4e000 JavaThread "main" [_thread_blocked, id=380, stack(0x0000000004a90000,0x0000000004b90000)]

Other Threads:
  0x0000000018b05800 VMThread [stack: 0x000000001a810000,0x000000001a910000] [id=3932]
  0x000000001aad1000 WatcherThread [stack: 0x000000001b800000,0x000000001b900000] [id=7352]

VM state:not at safepoint (normal execution)

VM Mutex/Monitor currently owned by a thread: None

Heap:
 PSYoungGen      total 189440K, used 48941K [0x00000000e0000000, 0x00000000f2c00000, 0x0000000100000000)
  eden space 177152K, 20% used [0x00000000e0000000,0x00000000e23d2050,0x00000000ead00000)
  from space 12288K, 99% used [0x00000000ead00000,0x00000000eb8f9560,0x00000000eb900000)
  to   space 15872K, 0% used [0x00000000f1c80000,0x00000000f1c80000,0x00000000f2c00000)
 ParOldGen       total 138752K, used 18955K [0x00000000a0000000, 0x00000000a8780000, 0x00000000e0000000)
  object space 138752K, 13% used [0x00000000a0000000,0x00000000a1282ea0,0x00000000a8780000)
 Metaspace       used 48590K, capacity 49784K, committed 50136K, reserved 1093632K
  class space    used 6493K, capacity 6815K, committed 6912K, reserved 1048576K

Card table byte_map: [0x0000000014110000,0x0000000014420000] byte_map_base: 0x0000000013c10000

Marking Bits: (ParMarkBitMap*) 0x0000000072883950
 Begin Bits: [0x0000000014e20000, 0x0000000016620000)
 End Bits:   [0x0000000016620000, 0x0000000017e20000)

Polling page: 0x0000000002de0000

CodeCache: size=245760Kb used=18301Kb max_used=18304Kb free=227458Kb
 bounds [0x0000000004d50000, 0x0000000005f50000, 0x0000000013d50000]
 total_blobs=5897 nmethods=5155 adapters=654
 compilation: enabled

Compilation events (10 events):
Event: 14.551 Thread 0x000000001aa3f800 5690       1       org.gradle.api.internal.project.taskfactory.TaskPropertyInfo::getConfigureAction (5 bytes)
Event: 14.551 Thread 0x000000001aa3f800 nmethod 5690 0x0000000005f30890 code [0x0000000005f309e0, 0x0000000005f30af0]
Event: 14.551 Thread 0x000000001aa3f800 5691       1       org.gradle.api.internal.project.taskfactory.DefaultTaskClassValidatorExtractor$DefaultTaskPropertyActionContext::getName (5 bytes)
Event: 14.551 Thread 0x000000001aa3f800 nmethod 5691 0x0000000005f3efd0 code [0x0000000005f3f120, 0x0000000005f3f230]
Event: 14.605 Thread 0x000000001aa3f800 5692       1       org.gradle.internal.typeconversion.TypeInfo::getTargetType (5 bytes)
Event: 14.606 Thread 0x000000001aa3f800 nmethod 5692 0x0000000005f3ed10 code [0x0000000005f3ee60, 0x0000000005f3ef70]
Event: 14.619 Thread 0x000000001aa3f800 5693       3       java.lang.Byte::hashCode (8 bytes)
Event: 14.619 Thread 0x000000001aa3f800 nmethod 5693 0x0000000005f3e950 code [0x0000000005f3eaa0, 0x0000000005f3ec50]
Event: 14.619 Thread 0x000000001aa3f800 5694       3       java.lang.Byte::hashCode (2 bytes)
Event: 14.619 Thread 0x000000001aa3f800 nmethod 5694 0x0000000005f3e650 code [0x0000000005f3e7a0, 0x0000000005f3e8d0]

GC Heap History (10 events):
Event: 6.384 GC heap before
{Heap before GC invocations=5 (full 1):
 PSYoungGen      total 75776K, used 65024K [0x00000000e0000000, 0x00000000e9400000, 0x0000000100000000)
  eden space 65024K, 100% used [0x00000000e0000000,0x00000000e3f80000,0x00000000e3f80000)
  from space 10752K, 0% used [0x00000000e3f80000,0x00000000e3f80000,0x00000000e4a00000)
  to   space 10752K, 0% used [0x00000000e8980000,0x00000000e8980000,0x00000000e9400000)
 ParOldGen       total 96256K, used 6986K [0x00000000a0000000, 0x00000000a5e00000, 0x00000000e0000000)
  object space 96256K, 7% used [0x00000000a0000000,0x00000000a06d29c8,0x00000000a5e00000)
 Metaspace       used 25899K, capacity 26368K, committed 26624K, reserved 1073152K
  class space    used 3543K, capacity 3721K, committed 3840K, reserved 1048576K
Event: 6.424 GC heap after
Heap after GC invocations=5 (full 1):
 PSYoungGen      total 115712K, used 7037K [0x00000000e0000000, 0x00000000e9080000, 0x0000000100000000)
  eden space 108544K, 0% used [0x00000000e0000000,0x00000000e0000000,0x00000000e6a00000)
  from space 7168K, 98% used [0x00000000e8980000,0x00000000e905f6e0,0x00000000e9080000)
  to   space 10752K, 0% used [0x00000000e7b80000,0x00000000e7b80000,0x00000000e8600000)
 ParOldGen       total 96256K, used 6986K [0x00000000a0000000, 0x00000000a5e00000, 0x00000000e0000000)
  object space 96256K, 7% used [0x00000000a0000000,0x00000000a06d29c8,0x00000000a5e00000)
 Metaspace       used 25899K, capacity 26368K, committed 26624K, reserved 1073152K
  class space    used 3543K, capacity 3721K, committed 3840K, reserved 1048576K
}
Event: 9.092 GC heap before
{Heap before GC invocations=6 (full 1):
 PSYoungGen      total 115712K, used 115581K [0x00000000e0000000, 0x00000000e9080000, 0x0000000100000000)
  eden space 108544K, 100% used [0x00000000e0000000,0x00000000e6a00000,0x00000000e6a00000)
  from space 7168K, 98% used [0x00000000e8980000,0x00000000e905f6e0,0x00000000e9080000)
  to   space 10752K, 0% used [0x00000000e7b80000,0x00000000e7b80000,0x00000000e8600000)
 ParOldGen       total 96256K, used 6986K [0x00000000a0000000, 0x00000000a5e00000, 0x00000000e0000000)
  object space 96256K, 7% used [0x00000000a0000000,0x00000000a06d29c8,0x00000000a5e00000)
 Metaspace       used 31547K, capacity 32060K, committed 32256K, reserved 1077248K
  class space    used 4291K, capacity 4511K, committed 4608K, reserved 1048576K
Event: 9.112 GC heap after
Heap after GC invocations=6 (full 1):
 PSYoungGen      total 137216K, used 9795K [0x00000000e0000000, 0x00000000ec580000, 0x0000000100000000)
  eden space 126464K, 0% used [0x00000000e0000000,0x00000000e0000000,0x00000000e7b80000)
  from space 10752K, 91% used [0x00000000e7b80000,0x00000000e8510e80,0x00000000e8600000)
  to   space 12800K, 0% used [0x00000000eb900000,0x00000000eb900000,0x00000000ec580000)
 ParOldGen       total 96256K, used 7066K [0x00000000a0000000, 0x00000000a5e00000, 0x00000000e0000000)
  object space 96256K, 7% used [0x00000000a0000000,0x00000000a06e69d8,0x00000000a5e00000)
 Metaspace       used 31547K, capacity 32060K, committed 32256K, reserved 1077248K
  class space    used 4291K, capacity 4511K, committed 4608K, reserved 1048576K
}
Event: 9.508 GC heap before
{Heap before GC invocations=7 (full 1):
 PSYoungGen      total 137216K, used 24389K [0x00000000e0000000, 0x00000000ec580000, 0x0000000100000000)
  eden space 126464K, 11% used [0x00000000e0000000,0x00000000e0e408e0,0x00000000e7b80000)
  from space 10752K, 91% used [0x00000000e7b80000,0x00000000e8510e80,0x00000000e8600000)
  to   space 12800K, 0% used [0x00000000eb900000,0x00000000eb900000,0x00000000ec580000)
 ParOldGen       total 96256K, used 7066K [0x00000000a0000000, 0x00000000a5e00000, 0x00000000e0000000)
  object space 96256K, 7% used [0x00000000a0000000,0x00000000a06e69d8,0x00000000a5e00000)
 Metaspace       used 34661K, capacity 35220K, committed 35416K, reserved 1079296K
  class space    used 4697K, capacity 4910K, committed 4992K, reserved 1048576K
Event: 9.522 GC heap after
Heap after GC invocations=7 (full 1):
 PSYoungGen      total 189952K, used 8243K [0x00000000e0000000, 0x00000000ee700000, 0x0000000100000000)
  eden space 177152K, 0% used [0x00000000e0000000,0x00000000e0000000,0x00000000ead00000)
  from space 12800K, 64% used [0x00000000eb900000,0x00000000ec10ccd0,0x00000000ec580000)
  to   space 12288K, 0% used [0x00000000ead00000,0x00000000ead00000,0x00000000eb900000)
 ParOldGen       total 96256K, used 7074K [0x00000000a0000000, 0x00000000a5e00000, 0x00000000e0000000)
  object space 96256K, 7% used [0x00000000a0000000,0x00000000a06e89d8,0x00000000a5e00000)
 Metaspace       used 34661K, capacity 35220K, committed 35416K, reserved 1079296K
  class space    used 4697K, capacity 4910K, committed 4992K, reserved 1048576K
}
Event: 9.522 GC heap before
{Heap before GC invocations=8 (full 2):
 PSYoungGen      total 189952K, used 8243K [0x00000000e0000000, 0x00000000ee700000, 0x0000000100000000)
  eden space 177152K, 0% used [0x00000000e0000000,0x00000000e0000000,0x00000000ead00000)
  from space 12800K, 64% used [0x00000000eb900000,0x00000000ec10ccd0,0x00000000ec580000)
  to   space 12288K, 0% used [0x00000000ead00000,0x00000000ead00000,0x00000000eb900000)
 ParOldGen       total 96256K, used 7074K [0x00000000a0000000, 0x00000000a5e00000, 0x00000000e0000000)
  object space 96256K, 7% used [0x00000000a0000000,0x00000000a06e89d8,0x00000000a5e00000)
 Metaspace       used 34661K, capacity 35220K, committed 35416K, reserved 1079296K
  class space    used 4697K, capacity 4910K, committed 4992K, reserved 1048576K
Event: 9.610 GC heap after
Heap after GC invocations=8 (full 2):
 PSYoungGen      total 189952K, used 0K [0x00000000e0000000, 0x00000000ee700000, 0x0000000100000000)
  eden space 177152K, 0% used [0x00000000e0000000,0x00000000e0000000,0x00000000ead00000)
  from space 12800K, 0% used [0x00000000eb900000,0x00000000eb900000,0x00000000ec580000)
  to   space 12288K, 0% used [0x00000000ead00000,0x00000000ead00000,0x00000000eb900000)
 ParOldGen       total 138752K, used 14681K [0x00000000a0000000, 0x00000000a8780000, 0x00000000e0000000)
  object space 138752K, 10% used [0x00000000a0000000,0x00000000a0e566c8,0x00000000a8780000)
 Metaspace       used 34661K, capacity 35220K, committed 35416K, reserved 1079296K
  class space    used 4697K, capacity 4910K, committed 4992K, reserved 1048576K
}
Event: 13.385 GC heap before
{Heap before GC invocations=9 (full 2):
 PSYoungGen      total 189952K, used 177152K [0x00000000e0000000, 0x00000000ee700000, 0x0000000100000000)
  eden space 177152K, 100% used [0x00000000e0000000,0x00000000ead00000,0x00000000ead00000)
  from space 12800K, 0% used [0x00000000eb900000,0x00000000eb900000,0x00000000ec580000)
  to   space 12288K, 0% used [0x00000000ead00000,0x00000000ead00000,0x00000000eb900000)
 ParOldGen       total 138752K, used 14681K [0x00000000a0000000, 0x00000000a8780000, 0x00000000e0000000)
  object space 138752K, 10% used [0x00000000a0000000,0x00000000a0e566c8,0x00000000a8780000)
 Metaspace       used 46081K, capacity 46948K, committed 47192K, reserved 1089536K
  class space    used 6144K, capacity 6461K, committed 6528K, reserved 1048576K
Event: 13.412 GC heap after
Heap after GC invocations=9 (full 2):
 PSYoungGen      total 189440K, used 12261K [0x00000000e0000000, 0x00000000f2c00000, 0x0000000100000000)
  eden space 177152K, 0% used [0x00000000e0000000,0x00000000e0000000,0x00000000ead00000)
  from space 12288K, 99% used [0x00000000ead00000,0x00000000eb8f9560,0x00000000eb900000)
  to   space 15872K, 0% used [0x00000000f1c80000,0x00000000f1c80000,0x00000000f2c00000)
 ParOldGen       total 138752K, used 18955K [0x00000000a0000000, 0x00000000a8780000, 0x00000000e0000000)
  object space 138752K, 13% used [0x00000000a0000000,0x00000000a1282ea0,0x00000000a8780000)
 Metaspace       used 46081K, capacity 46948K, committed 47192K, reserved 1089536K
  class space    used 6144K, capacity 6461K, committed 6528K, reserved 1048576K
}

Deoptimization events (10 events):
Event: 12.457 Thread 0x000000001ca64000 Uncommon trap: reason=unstable_if action=reinterpret pc=0x0000000005d1622c method=java.util.regex.Matcher.find()Z @ 10
Event: 12.469 Thread 0x000000001ca64000 Uncommon trap: reason=unstable_if action=reinterpret pc=0x00000000057d8650 method=java.lang.CharacterDataLatin1.digit(II)I @ 31
Event: 12.531 Thread 0x000000001ca64000 Uncommon trap: reason=unstable_if action=reinterpret pc=0x0000000005701a28 method=java.lang.CharacterDataLatin1.digit(II)I @ 31
Event: 13.023 Thread 0x000000001ca64000 Uncommon trap: reason=unstable_if action=reinterpret pc=0x0000000005d63978 method=java.util.regex.Pattern$BitClass.isSatisfiedBy(I)Z @ 4
Event: 13.023 Thread 0x000000001ca64000 Uncommon trap: reason=unstable_if action=reinterpret pc=0x0000000005923a4c method=java.util.regex.Pattern$Ctype.isSatisfiedBy(I)Z @ 4
Event: 13.415 Thread 0x000000001ca64000 Uncommon trap: reason=null_check action=make_not_entrant pc=0x0000000005c65c00 method=java.lang.ThreadLocal$ThreadLocalMap.getEntryAfterMiss(Ljava/lang/ThreadLocal;ILjava/lang/ThreadLocal$ThreadLocalMap$Entry;)Ljava/lang/ThreadLocal$ThreadLocalMap$Entry; 
Event: 13.568 Thread 0x000000001ca64000 Uncommon trap: reason=unstable_if action=reinterpret pc=0x0000000005df4400 method=java.util.regex.Pattern.compile()V @ 320
Event: 13.901 Thread 0x000000001ca64000 Uncommon trap: reason=unstable_if action=reinterpret pc=0x00000000055c8428 method=org.objectweb.asm.ByteVector.putUTF8(Ljava/lang/String;)Lorg/objectweb/asm/ByteVector; @ 91
Event: 14.043 Thread 0x000000001ca64000 Uncommon trap: reason=unstable_if action=reinterpret pc=0x00000000054d3574 method=java.lang.String.lastIndexOf([CII[CIII)I @ 118
Event: 14.304 Thread 0x000000001ca64000 Uncommon trap: reason=unstable_if action=reinterpret pc=0x00000000055a23f0 method=java.io.WinNTFileSystem.normalizePrefix(Ljava/lang/String;ILjava/lang/StringBuffer;)I @ 62

Classes redefined (0 events):
No events

Internal exceptions (10 events):
Event: 13.185 Thread 0x000000001ca64000 Exception <a 'sun/nio/fs/WindowsException'> (0x00000000e9db16a8) thrown at [D:\src\AOSP-openjdk-cygwin\jdk8u\hotspot\src\share\vm\prims\jni.cpp, line 709]
Event: 13.185 Thread 0x000000001ca64000 Exception <a 'sun/nio/fs/WindowsException'> (0x00000000e9db2550) thrown at [D:\src\AOSP-openjdk-cygwin\jdk8u\hotspot\src\share\vm\prims\jni.cpp, line 709]
Event: 13.185 Thread 0x000000001ca64000 Exception <a 'sun/nio/fs/WindowsException'> (0x00000000e9db4810) thrown at [D:\src\AOSP-openjdk-cygwin\jdk8u\hotspot\src\share\vm\prims\jni.cpp, line 709]
Event: 13.185 Thread 0x000000001ca64000 Exception <a 'sun/nio/fs/WindowsException'> (0x00000000e9db56f0) thrown at [D:\src\AOSP-openjdk-cygwin\jdk8u\hotspot\src\share\vm\prims\jni.cpp, line 709]
Event: 13.415 Thread 0x000000001ca64000 Implicit null exception at 0x0000000005c65b17 to 0x0000000005c65bdf
Event: 13.521 Thread 0x000000001ca64000 Exception <a 'java/lang/NoSuchMethodError': java.lang.Object.lambda$comparing$77a9974f$1(Ljava/util/function/Function;Ljava/lang/Object;Ljava/lang/Object;)I> (0x00000000e0c61660) thrown at [D:\src\AOSP-openjdk-cygwin\jdk8u\hotspot\src\share\vm\interpreter
Event: 13.524 Thread 0x000000001ca64000 Exception <a 'java/lang/NoSuchMethodError': java.lang.Object.lambda$thenComparing$36697e65$1(Ljava/util/Comparator;Ljava/lang/Object;Ljava/lang/Object;)I> (0x00000000e0c6cec8) thrown at [D:\src\AOSP-openjdk-cygwin\jdk8u\hotspot\src\share\vm\interpreter\li
Event: 13.576 Thread 0x000000001ca64000 Exception <a 'java/lang/NoSuchMethodError': java.lang.Object.lambda$maxBy$1(Ljava/util/Comparator;Ljava/lang/Object;Ljava/lang/Object;)Ljava/lang/Object;> (0x00000000e0dd8f48) thrown at [D:\src\AOSP-openjdk-cygwin\jdk8u\hotspot\src\share\vm\interpreter\li
Event: 13.761 Thread 0x000000001ca64000 Exception <a 'java/lang/ClassNotFoundException': org/gradle/api/plugins/BasePluginConventionBeanInfo> (0x00000000e1426a28) thrown at [D:\src\AOSP-openjdk-cygwin\jdk8u\hotspot\src\share\vm\classfile\systemDictionary.cpp, line 210]
Event: 13.762 Thread 0x000000001ca64000 Exception <a 'java/lang/ClassNotFoundException': org/gradle/api/plugins/BasePluginConventionCustomizer> (0x00000000e1446328) thrown at [D:\src\AOSP-openjdk-cygwin\jdk8u\hotspot\src\share\vm\classfile\systemDictionary.cpp, line 210]

Events (10 events):
Event: 14.537 loading class org/gradle/api/internal/project/taskfactory/NestedBeanPropertyAnnotationHandler$1$1
Event: 14.537 loading class org/gradle/api/internal/project/taskfactory/NestedBeanPropertyAnnotationHandler$1$1 done
Event: 14.619 loading class com/android/build/gradle/internal/core/GradleVariantConfiguration
Event: 14.619 loading class com/android/build/gradle/internal/core/GradleVariantConfiguration done
Event: 14.620 loading class com/android/build/gradle/internal/core/GradleVariantConfiguration
Event: 14.620 loading class com/android/build/gradle/internal/core/GradleVariantConfiguration done
Event: 14.623 loading class com/android/utils/XmlUtils
Event: 14.623 loading class com/android/utils/XmlUtils done
Event: 14.628 loading class javax/xml/stream/XMLStreamException
Event: 14.629 loading class javax/xml/stream/XMLStreamException done


Dynamic libraries:
0x00007ff77c4c0000 - 0x00007ff77c4f1000 	C:\Program Files\Android\Android Studio\jre\bin\java.exe
0x00007ffb808b0000 - 0x00007ffb80a90000 	C:\WINDOWS\SYSTEM32\ntdll.dll
0x00007ffb7e060000 - 0x00007ffb7e10e000 	C:\WINDOWS\System32\KERNEL32.DLL
0x00007ffb7cfc0000 - 0x00007ffb7d226000 	C:\WINDOWS\System32\KERNELBASE.dll
0x00007ffb7f830000 - 0x00007ffb7f8d1000 	C:\WINDOWS\System32\ADVAPI32.dll
0x00007ffb7de90000 - 0x00007ffb7df2d000 	C:\WINDOWS\System32\msvcrt.dll
0x00007ffb7fde0000 - 0x00007ffb7fe3b000 	C:\WINDOWS\System32\sechost.dll
0x00007ffb80760000 - 0x00007ffb8087f000 	C:\WINDOWS\System32\RPCRT4.dll
0x00007ffb80310000 - 0x00007ffb8049f000 	C:\WINDOWS\System32\USER32.dll
0x00007ffb7ccb0000 - 0x00007ffb7ccd0000 	C:\WINDOWS\System32\win32u.dll
0x00007ffb7f960000 - 0x00007ffb7f988000 	C:\WINDOWS\System32\GDI32.dll
0x00007ffb7ccd0000 - 0x00007ffb7ce63000 	C:\WINDOWS\System32\gdi32full.dll
0x00007ffb7cf20000 - 0x00007ffb7cfbb000 	C:\WINDOWS\System32\msvcp_win.dll
0x00007ffb7d450000 - 0x00007ffb7d546000 	C:\WINDOWS\System32\ucrtbase.dll
0x00007ffb6ed50000 - 0x00007ffb6efb9000 	C:\WINDOWS\WinSxS\amd64_microsoft.windows.common-controls_6595b64144ccf1df_6.0.16299.248_none_15ced204935f55d7\COMCTL32.dll
0x00007ffb7ff00000 - 0x00007ffb80208000 	C:\WINDOWS\System32\combase.dll
0x00007ffb7dd00000 - 0x00007ffb7dd72000 	C:\WINDOWS\System32\bcryptPrimitives.dll
0x00007ffb80210000 - 0x00007ffb8023d000 	C:\WINDOWS\System32\IMM32.DLL
0x0000000071f00000 - 0x0000000071fd2000 	C:\Program Files\Android\Android Studio\jre\jre\bin\msvcr100.dll
0x00000000720c0000 - 0x00000000728fe000 	C:\Program Files\Android\Android Studio\jre\jre\bin\server\jvm.dll
0x00007ffb7f700000 - 0x00007ffb7f708000 	C:\WINDOWS\System32\PSAPI.DLL
0x00007ffb7b880000 - 0x00007ffb7b889000 	C:\WINDOWS\SYSTEM32\WSOCK32.dll
0x00007ffb72830000 - 0x00007ffb7283a000 	C:\WINDOWS\SYSTEM32\VERSION.dll
0x00007ffb78b50000 - 0x00007ffb78b73000 	C:\WINDOWS\SYSTEM32\WINMM.dll
0x00007ffb7f8e0000 - 0x00007ffb7f94c000 	C:\WINDOWS\System32\WS2_32.dll
0x00007ffb78af0000 - 0x00007ffb78b1a000 	C:\WINDOWS\SYSTEM32\winmmbase.dll
0x00007ffb7d230000 - 0x00007ffb7d27a000 	C:\WINDOWS\System32\cfgmgr32.dll
0x00007ffb6bc10000 - 0x00007ffb6bc1f000 	C:\Program Files\Android\Android Studio\jre\jre\bin\verify.dll
0x00007ffb65110000 - 0x00007ffb65139000 	C:\Program Files\Android\Android Studio\jre\jre\bin\java.dll
0x00007ffb6bbf0000 - 0x00007ffb6bc06000 	C:\Program Files\Android\Android Studio\jre\jre\bin\zip.dll
0x00007ffb7e2c0000 - 0x00007ffb7f6f6000 	C:\WINDOWS\System32\SHELL32.dll
0x00007ffb80240000 - 0x00007ffb802e6000 	C:\WINDOWS\System32\shcore.dll
0x00007ffb7d5b0000 - 0x00007ffb7dcf7000 	C:\WINDOWS\System32\windows.storage.dll
0x00007ffb7fea0000 - 0x00007ffb7fef1000 	C:\WINDOWS\System32\shlwapi.dll
0x00007ffb7cc50000 - 0x00007ffb7cc61000 	C:\WINDOWS\System32\kernel.appcore.dll
0x00007ffb7cc00000 - 0x00007ffb7cc4c000 	C:\WINDOWS\System32\powrprof.dll
0x00007ffb7cc70000 - 0x00007ffb7cc8b000 	C:\WINDOWS\System32\profapi.dll
0x00007ffb66630000 - 0x00007ffb6664a000 	C:\Program Files\Android\Android Studio\jre\jre\bin\net.dll
0x00007ffb7c490000 - 0x00007ffb7c4f6000 	C:\WINDOWS\system32\mswsock.dll
0x00007ffb66060000 - 0x00007ffb66071000 	C:\Program Files\Android\Android Studio\jre\jre\bin\nio.dll
0x00007ffb6bd30000 - 0x00007ffb6bd4e000 	C:\Users\dylan\.gradle\native\25\windows-amd64\native-platform.dll
0x00007ffb676e0000 - 0x00007ffb676ed000 	C:\Program Files\Android\Android Studio\jre\jre\bin\management.dll
0x00007ffb7c650000 - 0x00007ffb7c667000 	C:\WINDOWS\SYSTEM32\CRYPTSP.dll
0x00007ffb7c0a0000 - 0x00007ffb7c0d3000 	C:\WINDOWS\system32\rsaenh.dll
0x00007ffb7c760000 - 0x00007ffb7c785000 	C:\WINDOWS\SYSTEM32\bcrypt.dll
0x00007ffb7cb00000 - 0x00007ffb7cb29000 	C:\WINDOWS\SYSTEM32\USERENV.dll
0x00007ffb7c670000 - 0x00007ffb7c67b000 	C:\WINDOWS\SYSTEM32\CRYPTBASE.dll
0x00007ffb7c220000 - 0x00007ffb7c259000 	C:\WINDOWS\SYSTEM32\IPHLPAPI.DLL
0x00007ffb7f950000 - 0x00007ffb7f958000 	C:\WINDOWS\System32\NSI.dll
0x00007ffb74b50000 - 0x00007ffb74b66000 	C:\WINDOWS\SYSTEM32\dhcpcsvc6.DLL
0x00007ffb76b90000 - 0x00007ffb76baa000 	C:\WINDOWS\SYSTEM32\dhcpcsvc.DLL

VM Arguments:
jvm_args: -Xmx1536m -Dfile.encoding=windows-1252 -Duser.country=US -Duser.language=en -Duser.variant 
java_command: org.gradle.launcher.daemon.bootstrap.GradleDaemon 4.1
java_class_path (initial): C:\Users\dylan\.gradle\wrapper\dists\gradle-4.1-all\bzyivzo6n839fup2jbap0tjew\gradle-4.1\lib\gradle-launcher-4.1.jar
Launcher Type: SUN_STANDARD

Environment Variables:
JAVA_HOME=C:\Program Files\Java\jdk1.8.0_151
PATH=C:\Program Files\IBM\ILOG\CPLEX_Studio_Community127\opl\bin\x64_win64;C:\Program Files\IBM\ILOG\CPLEX_Studio_Community127\opl\oplide\;C:\Program Files\IBM\ILOG\CPLEX_Studio_Community127\cplex\bin\x64_win64;C:\Program Files\IBM\ILOG\CPLEX_Studio_Community127\cpoptimizer\bin\x64_win64;C:\ProgramData\Oracle\Java\javapath;C:\Program Files (x86)\Intel\iCLS Client\;C:\Program Files\Intel\iCLS Client\;C:\Windows\system32;C:\Windows;C:\Windows\System32\Wbem;C:\Windows\System32\WindowsPowerShell\v1.0\;C:\Program Files (x86)\Intel\Intel(R) Management Engine Components\DAL;C:\Program Files\Intel\Intel(R) Management Engine Components\DAL;C:\Program Files (x86)\Intel\Intel(R) Management Engine Components\IPT;C:\Program Files\Intel\Intel(R) Management Engine Components\IPT;C:\Program Files (x86)\NVIDIA Corporation\PhysX\Common;C:\Program Files\nodejs\;C:\Program Files\MiKTeX 2.9\miktex\bin\x64\;C:\WINDOWS\system32;C:\WINDOWS;C:\WINDOWS\System32\Wbem;C:\WINDOWS\System32\WindowsPowerShell\v1.0\;C:\Program Files\Git\cmd;C:\Program Files\Java\jdk1.8.0_151\bin;C:\spark-2.2.1-bin-hadoop2.7\spark-2.2.1-bin-hadoop2.7\bin;C:\Users\dylan\AppData\Local\Programs\Python\Python36-32\Scripts\;C:\Users\dylan\AppData\Local\Programs\Python\Python36-32\;C:\Users\dylan\AppData\Local\Microsoft\WindowsApps;C:\Users\dylan\AppData\Roaming\npm;C:\Users\dylan\AppData\Local\GitHubDesktop\bin;C:\Users\dylan\AppData\Local\Microsoft\WindowsApps;
USERNAME=dylan
OS=Windows_NT
PROCESSOR_IDENTIFIER=Intel64 Family 6 Model 94 Stepping 3, GenuineIntel



---------------  S Y S T E M  ---------------

OS: Windows 10.0 , 64 bit Build 16299 (10.0.16299.15)

CPU:total 8 (initial active 8) (4 cores per cpu, 2 threads per core) family 6 model 94 stepping 3, cmov, cx8, fxsr, mmx, sse, sse2, sse3, ssse3, sse4.1, sse4.2, popcnt, avx, avx2, aes, clmul, erms, rtm, 3dnowpref, lzcnt, ht, tsc, tscinvbit, bmi1, bmi2, adx

Memory: 4k page, physical 16635468k(1666744k free), swap 16635468k(10208k free)

vm_info: OpenJDK 64-Bit Server VM (25.152-b01) for windows-amd64 JRE (1.8.0_152-release-915-b01), built by "builder" with MS VC++ 10.0 (VS2010)

time: Mon Feb 26 17:11:36 2018
elapsed time: 14 seconds (0d 0h 0m 14s)

