#
# There is insufficient memory for the Java Runtime Environment to continue.
# Native memory allocation (malloc) failed to allocate 1741136 bytes for Chunk::new
# Possible reasons:
#   The system is out of physical RAM or swap space
#   In 32 bit mode, the process size limit was hit
# Possible solutions:
#   Reduce memory load on the system
#   Increase physical memory or swap space
#   Check if swap backing store is full
#   Use 64 bit Java on a 64 bit OS
#   Decrease Java heap size (-Xmx/-Xms)
#   Decrease number of Java threads
#   Decrease Java thread stack sizes (-Xss)
#   Set larger code cache with -XX:ReservedCodeCacheSize=
# This output file may be truncated or incomplete.
#
#  Out of Memory Error (allocation.cpp:390), pid=4260, tid=0x0000000000003bc8
#
# JRE version: OpenJDK Runtime Environment (8.0_152-b01) (build 1.8.0_152-release-915-b01)
# Java VM: OpenJDK 64-Bit Server VM (25.152-b01 mixed mode windows-amd64 compressed oops)
# Failed to write core dump. Minidumps are not enabled by default on client versions of Windows
#

---------------  T H R E A D  ---------------

Current thread (0x000000001a801800):  JavaThread "C2 CompilerThread2" daemon [_thread_in_native, id=15304, stack(0x000000001b2c0000,0x000000001b3c0000)]

Stack: [0x000000001b2c0000,0x000000001b3c0000]
[error occurred during error reporting (printing stack bounds), id 0xc0000005]

Native frames: (J=compiled Java code, j=interpreted, Vv=VM code, C=native code)


Current CompileTask:
C2: 527012 11141       4       org.gradle.internal.component.external.model.AbstractModuleComponentResolveMetadata::populateConfigurationFromDescriptor (270 bytes)


---------------  P R O C E S S  ---------------

Java Threads: ( => current thread )
  0x000000001ca36800 JavaThread "Task worker for ':' Thread 7" [_thread_blocked, id=3416, stack(0x000000002ce60000,0x000000002cf60000)]
  0x000000001ca3a000 JavaThread "Task worker for ':' Thread 6" [_thread_blocked, id=2008, stack(0x000000002cd60000,0x000000002ce60000)]
  0x00000000203ad000 JavaThread "Task worker for ':' Thread 5" [_thread_in_native, id=9752, stack(0x000000002cc60000,0x000000002cd60000)]
  0x00000000203ac800 JavaThread "Task worker for ':' Thread 4" [_thread_blocked, id=13856, stack(0x000000002cb60000,0x000000002cc60000)]
  0x00000000203b2800 JavaThread "Task worker for ':' Thread 3" [_thread_blocked, id=6788, stack(0x000000002ca60000,0x000000002cb60000)]
  0x00000000203b1800 JavaThread "Task worker for ':' Thread 2" [_thread_blocked, id=2944, stack(0x000000002c960000,0x000000002ca60000)]
  0x00000000203ae000 JavaThread "Task worker for ':'" [_thread_blocked, id=10496, stack(0x000000002c860000,0x000000002c960000)]
  0x00000000203ae800 JavaThread "Cache worker for task history cache (C:\Users\dylan\AndroidStudioProjects\CultureMeshAndroid\.gradle\4.1\taskHistory)" [_thread_blocked, id=7352, stack(0x000000002c760000,0x000000002c860000)]
  0x00000000203b3000 JavaThread "Cache worker for file content cache (C:\Users\dylan\AndroidStudioProjects\CultureMeshAndroid\.gradle\4.1\fileContent)" [_thread_blocked, id=368, stack(0x000000002c660000,0x000000002c760000)]
  0x0000000021c90000 JavaThread "build operations Thread 8" [_thread_blocked, id=8624, stack(0x000000002c560000,0x000000002c660000)]
  0x0000000021c96800 JavaThread "build operations Thread 7" [_thread_blocked, id=15524, stack(0x000000002c460000,0x000000002c560000)]
  0x0000000021c8f000 JavaThread "build operations Thread 6" [_thread_blocked, id=10724, stack(0x000000002c360000,0x000000002c460000)]
  0x0000000021c94800 JavaThread "build operations Thread 5" [_thread_blocked, id=2592, stack(0x000000002c260000,0x000000002c360000)]
  0x0000000021c95000 JavaThread "build operations Thread 4" [_thread_blocked, id=2520, stack(0x000000002c160000,0x000000002c260000)]
  0x0000000021c93800 JavaThread "build operations Thread 3" [_thread_blocked, id=6160, stack(0x000000002c060000,0x000000002c160000)]
  0x0000000021c92000 JavaThread "build operations Thread 2" [_thread_blocked, id=14540, stack(0x000000002bf60000,0x000000002c060000)]
  0x0000000021c96000 JavaThread "build operations" [_thread_blocked, id=13832, stack(0x000000002be60000,0x000000002bf60000)]
  0x0000000021c8c000 JavaThread "Cache worker for Artifact transforms cache (C:\Users\dylan\.gradle\caches\transforms-1)" [_thread_blocked, id=11280, stack(0x000000002bd60000,0x000000002be60000)]
  0x0000000021c90800 JavaThread "Cache worker for file hash cache (C:\Users\dylan\AndroidStudioProjects\CultureMeshAndroid\.gradle\4.1\fileHashes)" [_thread_blocked, id=15520, stack(0x000000002bc60000,0x000000002bd60000)]
  0x0000000021c91800 JavaThread "Stdin handler" [_thread_blocked, id=10884, stack(0x000000002bb60000,0x000000002bc60000)]
  0x0000000021c89000 JavaThread "Asynchronous log dispatcher for DefaultDaemonConnection: socket connection from /127.0.0.1:52935 to /127.0.0.1:53201" [_thread_blocked, id=10608, stack(0x000000002ba60000,0x000000002bb60000)]
  0x0000000021c8a000 JavaThread "Cancel handler" [_thread_blocked, id=5872, stack(0x000000002b960000,0x000000002ba60000)]
  0x0000000021c8d000 JavaThread "Handler for socket connection from /127.0.0.1:52935 to /127.0.0.1:53201" [_thread_in_native, id=1584, stack(0x000000002b860000,0x000000002b960000)]
  0x00000000203b1000 JavaThread "Daemon worker Thread 2" [_thread_blocked, id=2644, stack(0x0000000028960000,0x0000000028a60000)]
  0x00000000203b0000 JavaThread "Daemon Thread 2" [_thread_blocked, id=7772, stack(0x0000000028660000,0x0000000028760000)]
  0x0000000021c8b800 JavaThread "Memory manager" [_thread_blocked, id=14552, stack(0x0000000025760000,0x0000000025860000)]
  0x0000000021c8a800 JavaThread "pool-1-thread-1" [_thread_blocked, id=6872, stack(0x0000000025460000,0x0000000025560000)]
  0x000000001cd9d800 JavaThread "File lock request listener" [_thread_in_native, id=9544, stack(0x000000001f0e0000,0x000000001f1e0000)]
  0x000000001cc40800 JavaThread "Cache worker for file hash cache (C:\Users\dylan\.gradle\caches\4.1\fileHashes)" [_thread_blocked, id=12880, stack(0x000000001efe0000,0x000000001f0e0000)]
  0x000000001cf0a000 JavaThread "Daemon periodic checks" [_thread_blocked, id=15496, stack(0x000000001e5e0000,0x000000001e6e0000)]
  0x000000001ce39800 JavaThread "Incoming local TCP Connector on port 52935" [_thread_in_native, id=2912, stack(0x000000001e3a0000,0x000000001e4a0000)]
  0x000000001a88a800 JavaThread "Service Thread" daemon [_thread_blocked, id=12364, stack(0x000000001b4c0000,0x000000001b5c0000)]
  0x000000001a805800 JavaThread "C1 CompilerThread3" daemon [_thread_blocked, id=1696, stack(0x000000001b3c0000,0x000000001b4c0000)]
=>0x000000001a801800 JavaThread "C2 CompilerThread2" daemon [_thread_in_native, id=15304, stack(0x000000001b2c0000,0x000000001b3c0000)]
  0x000000001a7fe000 JavaThread "C2 CompilerThread1" daemon [_thread_blocked, id=3980, stack(0x000000001b1c0000,0x000000001b2c0000)]
  0x000000001a7fa000 JavaThread "C2 CompilerThread0" daemon [_thread_blocked, id=15648, stack(0x000000001b0c0000,0x000000001b1c0000)]
  0x000000001a7f9000 JavaThread "Attach Listener" daemon [_thread_blocked, id=10260, stack(0x000000001afc0000,0x000000001b0c0000)]
  0x000000001a7f6000 JavaThread "Signal Dispatcher" daemon [_thread_blocked, id=5220, stack(0x000000001aec0000,0x000000001afc0000)]
  0x0000000004b29800 JavaThread "Finalizer" daemon [_thread_blocked, id=15212, stack(0x000000001abd0000,0x000000001acd0000)]
  0x0000000004b28000 JavaThread "Reference Handler" daemon [_thread_blocked, id=6916, stack(0x000000001a6d0000,0x000000001a7d0000)]
  0x0000000004a2e000 JavaThread "main" [_thread_blocked, id=8224, stack(0x00000000048a0000,0x00000000049a0000)]

Other Threads:
  0x00000000188e5800 VMThread [stack: 0x000000001a5d0000,0x000000001a6d0000] [id=12464]
  0x000000001a821800 WatcherThread [stack: 0x000000001b5c0000,0x000000001b6c0000] [id=380]

VM state:not at safepoint (normal execution)

VM Mutex/Monitor currently owned by a thread: None

Heap:
 PSYoungGen      total 316416K, used 252868K [0x00000000e0000000, 0x00000000f7e80000, 0x0000000100000000)
  eden space 303616K, 79% used [0x00000000e0000000,0x00000000eea792e8,0x00000000f2880000)
  from space 12800K, 99% used [0x00000000f7200000,0x00000000f7e78110,0x00000000f7e80000)
  to   space 27136K, 0% used [0x00000000f4980000,0x00000000f4980000,0x00000000f6400000)
 ParOldGen       total 231424K, used 52401K [0x00000000a0000000, 0x00000000ae200000, 0x00000000e0000000)
  object space 231424K, 22% used [0x00000000a0000000,0x00000000a332c7e8,0x00000000ae200000)
 Metaspace       used 67167K, capacity 70638K, committed 70784K, reserved 1110016K
  class space    used 8929K, capacity 9801K, committed 9856K, reserved 1048576K

Card table byte_map: [0x0000000013ef0000,0x0000000014200000] byte_map_base: 0x00000000139f0000

Marking Bits: (ParMarkBitMap*) 0x0000000072883950
 Begin Bits: [0x0000000014c00000, 0x0000000016400000)
 End Bits:   [0x0000000016400000, 0x0000000017c00000)

Polling page: 0x0000000002a30000

CodeCache: size=245760Kb used=31898Kb max_used=31950Kb free=213861Kb
 bounds [0x0000000004b30000, 0x0000000006a90000, 0x0000000013b30000]
 total_blobs=10095 nmethods=9273 adapters=733
 compilation: enabled

Compilation events (10 events):
Event: 525.743 Thread 0x000000001a805800 nmethod 11186 0x0000000006511550 code [0x00000000065116a0, 0x00000000065117f0]
Event: 525.743 Thread 0x000000001a805800 11187       3       org.gradle.api.internal.OverlappingOutputs::detect (145 bytes)
Event: 525.745 Thread 0x000000001a805800 nmethod 11187 0x0000000006a54450 code [0x0000000006a54700, 0x0000000006a55b28]
Event: 525.797 Thread 0x000000001a7fe000 11188       4       com.google.common.collect.Interners$WeakInterner::intern (50 bytes)
Event: 525.807 Thread 0x000000001a805800 11189       3       org.gradle.api.internal.changedetection.state.DirectoryFileSnapshot::getType (4 bytes)
Event: 525.808 Thread 0x000000001a805800 nmethod 11189 0x0000000006a41490 code [0x0000000006a415e0, 0x0000000006a41730]
Event: 525.815 Thread 0x000000001a7fe000 nmethod 11188 0x0000000006a5bdd0 code [0x0000000006a5bfc0, 0x0000000006a5c958]
Event: 526.410 Thread 0x000000001a7fa000 nmethod 11030 0x0000000006a69710 code [0x0000000006a6a740, 0x0000000006a758f8]
Event: 526.744 Thread 0x000000001a805800 11190  s    3       java.io.ExpiringCache::clear (10 bytes)
Event: 526.744 Thread 0x000000001a805800 nmethod 11190 0x0000000006a58910 code [0x0000000006a58a80, 0x0000000006a58e08]

GC Heap History (10 events):
Event: 10.214 GC heap before
{Heap before GC invocations=9 (full 2):
 PSYoungGen      total 184320K, used 171008K [0x00000000e0000000, 0x00000000ed800000, 0x0000000100000000)
  eden space 171008K, 100% used [0x00000000e0000000,0x00000000ea700000,0x00000000ea700000)
  from space 13312K, 0% used [0x00000000eb400000,0x00000000eb400000,0x00000000ec100000)
  to   space 13312K, 0% used [0x00000000ea700000,0x00000000ea700000,0x00000000eb400000)
 ParOldGen       total 144896K, used 16185K [0x00000000a0000000, 0x00000000a8d80000, 0x00000000e0000000)
  object space 144896K, 11% used [0x00000000a0000000,0x00000000a0fce778,0x00000000a8d80000)
 Metaspace       used 46800K, capacity 47924K, committed 48256K, reserved 1091584K
  class space    used 6288K, capacity 6674K, committed 6784K, reserved 1048576K
Event: 10.228 GC heap after
Heap after GC invocations=9 (full 2):
 PSYoungGen      total 184320K, used 13283K [0x00000000e0000000, 0x00000000f1a80000, 0x0000000100000000)
  eden space 171008K, 0% used [0x00000000e0000000,0x00000000e0000000,0x00000000ea700000)
  from space 13312K, 99% used [0x00000000ea700000,0x00000000eb3f8cd0,0x00000000eb400000)
  to   space 16384K, 0% used [0x00000000f0a80000,0x00000000f0a80000,0x00000000f1a80000)
 ParOldGen       total 144896K, used 19321K [0x00000000a0000000, 0x00000000a8d80000, 0x00000000e0000000)
  object space 144896K, 13% used [0x00000000a0000000,0x00000000a12de750,0x00000000a8d80000)
 Metaspace       used 46800K, capacity 47924K, committed 48256K, reserved 1091584K
  class space    used 6288K, capacity 6674K, committed 6784K, reserved 1048576K
}
Event: 12.629 GC heap before
{Heap before GC invocations=10 (full 2):
 PSYoungGen      total 184320K, used 184291K [0x00000000e0000000, 0x00000000f1a80000, 0x0000000100000000)
  eden space 171008K, 100% used [0x00000000e0000000,0x00000000ea700000,0x00000000ea700000)
  from space 13312K, 99% used [0x00000000ea700000,0x00000000eb3f8cd0,0x00000000eb400000)
  to   space 16384K, 0% used [0x00000000f0a80000,0x00000000f0a80000,0x00000000f1a80000)
 ParOldGen       total 144896K, used 19321K [0x00000000a0000000, 0x00000000a8d80000, 0x00000000e0000000)
  object space 144896K, 13% used [0x00000000a0000000,0x00000000a12de750,0x00000000a8d80000)
 Metaspace       used 54144K, capacity 56270K, committed 56448K, reserved 1097728K
  class space    used 7430K, capacity 7966K, committed 8064K, reserved 1048576K
Event: 12.676 GC heap after
Heap after GC invocations=10 (full 2):
 PSYoungGen      total 265728K, used 16382K [0x00000000e0000000, 0x00000000f2f80000, 0x0000000100000000)
  eden space 249344K, 0% used [0x00000000e0000000,0x00000000e0000000,0x00000000ef380000)
  from space 16384K, 99% used [0x00000000f0a80000,0x00000000f1a7fbb8,0x00000000f1a80000)
  to   space 23552K, 0% used [0x00000000ef380000,0x00000000ef380000,0x00000000f0a80000)
 ParOldGen       total 144896K, used 30661K [0x00000000a0000000, 0x00000000a8d80000, 0x00000000e0000000)
  object space 144896K, 21% used [0x00000000a0000000,0x00000000a1df15c8,0x00000000a8d80000)
 Metaspace       used 54144K, capacity 56270K, committed 56448K, reserved 1097728K
  class space    used 7430K, capacity 7966K, committed 8064K, reserved 1048576K
}
Event: 14.391 GC heap before
{Heap before GC invocations=11 (full 2):
 PSYoungGen      total 265728K, used 102447K [0x00000000e0000000, 0x00000000f2f80000, 0x0000000100000000)
  eden space 249344K, 34% used [0x00000000e0000000,0x00000000e540c308,0x00000000ef380000)
  from space 16384K, 99% used [0x00000000f0a80000,0x00000000f1a7fbb8,0x00000000f1a80000)
  to   space 23552K, 0% used [0x00000000ef380000,0x00000000ef380000,0x00000000f0a80000)
 ParOldGen       total 144896K, used 30661K [0x00000000a0000000, 0x00000000a8d80000, 0x00000000e0000000)
  object space 144896K, 21% used [0x00000000a0000000,0x00000000a1df15c8,0x00000000a8d80000)
 Metaspace       used 56836K, capacity 58968K, committed 59028K, reserved 1099776K
  class space    used 7826K, capacity 8415K, committed 8448K, reserved 1048576K
Event: 14.483 GC heap after
Heap after GC invocations=11 (full 2):
 PSYoungGen      total 272896K, used 23550K [0x00000000e0000000, 0x00000000f8e00000, 0x0000000100000000)
  eden space 249344K, 0% used [0x00000000e0000000,0x00000000e0000000,0x00000000ef380000)
  from space 23552K, 99% used [0x00000000ef380000,0x00000000f0a7f930,0x00000000f0a80000)
  to   space 28672K, 0% used [0x00000000f7200000,0x00000000f7200000,0x00000000f8e00000)
 ParOldGen       total 144896K, used 34550K [0x00000000a0000000, 0x00000000a8d80000, 0x00000000e0000000)
  object space 144896K, 23% used [0x00000000a0000000,0x00000000a21bdb28,0x00000000a8d80000)
 Metaspace       used 56836K, capacity 58968K, committed 59028K, reserved 1099776K
  class space    used 7826K, capacity 8415K, committed 8448K, reserved 1048576K
}
Event: 14.483 GC heap before
{Heap before GC invocations=12 (full 3):
 PSYoungGen      total 272896K, used 23550K [0x00000000e0000000, 0x00000000f8e00000, 0x0000000100000000)
  eden space 249344K, 0% used [0x00000000e0000000,0x00000000e0000000,0x00000000ef380000)
  from space 23552K, 99% used [0x00000000ef380000,0x00000000f0a7f930,0x00000000f0a80000)
  to   space 28672K, 0% used [0x00000000f7200000,0x00000000f7200000,0x00000000f8e00000)
 ParOldGen       total 144896K, used 34550K [0x00000000a0000000, 0x00000000a8d80000, 0x00000000e0000000)
  object space 144896K, 23% used [0x00000000a0000000,0x00000000a21bdb28,0x00000000a8d80000)
 Metaspace       used 56836K, capacity 58968K, committed 59028K, reserved 1099776K
  class space    used 7826K, capacity 8415K, committed 8448K, reserved 1048576K
Event: 14.939 GC heap after
Heap after GC invocations=12 (full 3):
 PSYoungGen      total 272896K, used 0K [0x00000000e0000000, 0x00000000f8e00000, 0x0000000100000000)
  eden space 249344K, 0% used [0x00000000e0000000,0x00000000e0000000,0x00000000ef380000)
  from space 23552K, 0% used [0x00000000ef380000,0x00000000ef380000,0x00000000f0a80000)
  to   space 28672K, 0% used [0x00000000f7200000,0x00000000f7200000,0x00000000f8e00000)
 ParOldGen       total 231424K, used 52393K [0x00000000a0000000, 0x00000000ae200000, 0x00000000e0000000)
  object space 231424K, 22% used [0x00000000a0000000,0x00000000a332a7e8,0x00000000ae200000)
 Metaspace       used 56836K, capacity 58968K, committed 59028K, reserved 1099776K
  class space    used 7826K, capacity 8415K, committed 8448K, reserved 1048576K
}
Event: 485.671 GC heap before
{Heap before GC invocations=13 (full 3):
 PSYoungGen      total 272896K, used 249344K [0x00000000e0000000, 0x00000000f8e00000, 0x0000000100000000)
  eden space 249344K, 100% used [0x00000000e0000000,0x00000000ef380000,0x00000000ef380000)
  from space 23552K, 0% used [0x00000000ef380000,0x00000000ef380000,0x00000000f0a80000)
  to   space 28672K, 0% used [0x00000000f7200000,0x00000000f7200000,0x00000000f8e00000)
 ParOldGen       total 231424K, used 52393K [0x00000000a0000000, 0x00000000ae200000, 0x00000000e0000000)
  object space 231424K, 22% used [0x00000000a0000000,0x00000000a332a7e8,0x00000000ae200000)
 Metaspace       used 64668K, capacity 67748K, committed 67840K, reserved 1107968K
  class space    used 8631K, capacity 9404K, committed 9472K, reserved 1048576K
Event: 485.708 GC heap after
Heap after GC invocations=13 (full 3):
 PSYoungGen      total 316416K, used 12768K [0x00000000e0000000, 0x00000000f7e80000, 0x0000000100000000)
  eden space 303616K, 0% used [0x00000000e0000000,0x00000000e0000000,0x00000000f2880000)
  from space 12800K, 99% used [0x00000000f7200000,0x00000000f7e78110,0x00000000f7e80000)
  to   space 27136K, 0% used [0x00000000f4980000,0x00000000f4980000,0x00000000f6400000)
 ParOldGen       total 231424K, used 52401K [0x00000000a0000000, 0x00000000ae200000, 0x00000000e0000000)
  object space 231424K, 22% used [0x00000000a0000000,0x00000000a332c7e8,0x00000000ae200000)
 Metaspace       used 64668K, capacity 67748K, committed 67840K, reserved 1107968K
  class space    used 8631K, capacity 9404K, committed 9472K, reserved 1048576K
}

Deoptimization events (10 events):
Event: 525.204 Thread 0x00000000203b1000 Uncommon trap: reason=bimorphic action=maybe_recompile pc=0x000000000692f688 method=com.google.common.collect.TransformedIterator.hasNext()Z @ 4
Event: 525.204 Thread 0x00000000203b1000 Uncommon trap: reason=bimorphic action=maybe_recompile pc=0x0000000006929eac method=com.google.common.collect.TransformedIterator.next()Ljava/lang/Object; @ 5
Event: 525.204 Thread 0x00000000203b1000 Uncommon trap: reason=bimorphic action=maybe_recompile pc=0x000000000692f688 method=com.google.common.collect.TransformedIterator.hasNext()Z @ 4
Event: 525.210 Thread 0x00000000203b1000 Uncommon trap: reason=bimorphic action=maybe_recompile pc=0x000000000692f688 method=com.google.common.collect.TransformedIterator.hasNext()Z @ 4
Event: 525.210 Thread 0x00000000203b1000 Uncommon trap: reason=bimorphic action=maybe_recompile pc=0x0000000006929eac method=com.google.common.collect.TransformedIterator.next()Ljava/lang/Object; @ 5
Event: 525.211 Thread 0x00000000203b1000 Uncommon trap: reason=bimorphic action=maybe_recompile pc=0x0000000006929eac method=com.google.common.collect.TransformedIterator.next()Ljava/lang/Object; @ 5
Event: 525.359 Thread 0x00000000203ae000 Uncommon trap: reason=class_check action=maybe_recompile pc=0x000000000521d0e8 method=com.sun.org.apache.xerces.internal.impl.dtd.XMLDTDValidator.handleStartElement(Lcom/sun/org/apache/xerces/internal/xni/QName;Lcom/sun/org/apache/xerces/internal/xni/XMLA
Event: 525.362 Thread 0x00000000203ae000 Uncommon trap: reason=class_check action=maybe_recompile pc=0x000000000521d0e8 method=com.sun.org.apache.xerces.internal.impl.dtd.XMLDTDValidator.handleStartElement(Lcom/sun/org/apache/xerces/internal/xni/QName;Lcom/sun/org/apache/xerces/internal/xni/XMLA
Event: 525.362 Thread 0x00000000203ae000 Uncommon trap: reason=unstable_if action=reinterpret pc=0x000000000688b458 method=com.sun.org.apache.xerces.internal.dom.ElementImpl.getAttributes()Lorg/w3c/dom/NamedNodeMap; @ 4
Event: 525.612 Thread 0x00000000203ae000 Uncommon trap: reason=array_check action=maybe_recompile pc=0x000000000692fd8c method=java.util.TimSort.binarySort([Ljava/lang/Object;IIILjava/util/Comparator;)V @ 215

Classes redefined (0 events):
No events

Internal exceptions (10 events):
Event: 497.032 Thread 0x00000000203b0000 Exception <a 'java/lang/NoSuchMethodError': <clinit>> (0x00000000e918d280) thrown at [D:\src\AOSP-openjdk-cygwin\jdk8u\hotspot\src\share\vm\prims\jni.cpp, line 1613]
Event: 497.038 Thread 0x00000000203b0000 Exception <a 'java/lang/NoSuchMethodError': <clinit>> (0x00000000e91adf68) thrown at [D:\src\AOSP-openjdk-cygwin\jdk8u\hotspot\src\share\vm\prims\jni.cpp, line 1613]
Event: 497.039 Thread 0x00000000203b0000 Exception <a 'java/lang/NoSuchMethodError': <clinit>> (0x00000000e91b3a40) thrown at [D:\src\AOSP-openjdk-cygwin\jdk8u\hotspot\src\share\vm\prims\jni.cpp, line 1613]
Event: 497.040 Thread 0x00000000203b0000 Exception <a 'java/lang/NoSuchMethodError': <clinit>> (0x00000000e91c6ee8) thrown at [D:\src\AOSP-openjdk-cygwin\jdk8u\hotspot\src\share\vm\prims\jni.cpp, line 1613]
Event: 497.045 Thread 0x00000000203b0000 Exception <a 'java/lang/NoSuchMethodError': <clinit>> (0x00000000e91f42f0) thrown at [D:\src\AOSP-openjdk-cygwin\jdk8u\hotspot\src\share\vm\prims\jni.cpp, line 1613]
Event: 497.050 Thread 0x00000000203b0000 Exception <a 'java/lang/NoSuchMethodError': <clinit>> (0x00000000e92194f8) thrown at [D:\src\AOSP-openjdk-cygwin\jdk8u\hotspot\src\share\vm\prims\jni.cpp, line 1613]
Event: 497.050 Thread 0x00000000203b0000 Exception <a 'java/lang/NoSuchMethodError': <clinit>> (0x00000000e921c110) thrown at [D:\src\AOSP-openjdk-cygwin\jdk8u\hotspot\src\share\vm\prims\jni.cpp, line 1613]
Event: 524.412 Thread 0x00000000203b1000 Exception <a 'java/lang/ClassNotFoundException': sync_local_repo1169_6xckfrpuzwsw1fjy31o0pieu2BeanInfo> (0x00000000e9ae4328) thrown at [D:\src\AOSP-openjdk-cygwin\jdk8u\hotspot\src\share\vm\classfile\systemDictionary.cpp, line 210]
Event: 524.413 Thread 0x00000000203b1000 Exception <a 'java/lang/ClassNotFoundException': sync_local_repo1169_6xckfrpuzwsw1fjy31o0pieu2Customizer> (0x00000000e9aeeba8) thrown at [D:\src\AOSP-openjdk-cygwin\jdk8u\hotspot\src\share\vm\classfile\systemDictionary.cpp, line 210]
Event: 525.123 Thread 0x00000000203b1000 Exception <a 'sun/nio/fs/WindowsException'> (0x00000000ecec04f0) thrown at [D:\src\AOSP-openjdk-cygwin\jdk8u\hotspot\src\share\vm\prims\jni.cpp, line 709]

Events (10 events):
Event: 525.851 Executing VM operation: RevokeBias done
Event: 525.851 Executing VM operation: RevokeBias
Event: 525.852 Executing VM operation: RevokeBias done
Event: 525.852 Executing VM operation: RevokeBias
Event: 525.852 Executing VM operation: RevokeBias done
Event: 525.852 Executing VM operation: RevokeBias
Event: 525.852 Executing VM operation: RevokeBias done
Event: 526.411 Thread 0x000000001a7fa000 flushing nmethod 0x0000000004c3c150
Event: 526.411 Thread 0x000000001a7fa000 flushing nmethod 0x0000000004ce6e10
Event: 526.745 Thread 0x000000001a805800 flushing nmethod 0x0000000004dfedd0


Dynamic libraries:
0x00007ff77c4c0000 - 0x00007ff77c4f1000 	C:\Program Files\Android\Android Studio\jre\bin\java.exe
0x00007ffb808b0000 - 0x00007ffb80a90000 	C:\WINDOWS\SYSTEM32\ntdll.dll
0x00007ffb7e060000 - 0x00007ffb7e10e000 	C:\WINDOWS\System32\KERNEL32.DLL
0x00007ffb7cfc0000 - 0x00007ffb7d226000 	C:\WINDOWS\System32\KERNELBASE.dll
0x00007ffb7f830000 - 0x00007ffb7f8d1000 	C:\WINDOWS\System32\ADVAPI32.dll
0x00007ffb7de90000 - 0x00007ffb7df2d000 	C:\WINDOWS\System32\msvcrt.dll
0x00007ffb7fde0000 - 0x00007ffb7fe3b000 	C:\WINDOWS\System32\sechost.dll
0x00007ffb80760000 - 0x00007ffb8087f000 	C:\WINDOWS\System32\RPCRT4.dll
0x00007ffb80310000 - 0x00007ffb8049f000 	C:\WINDOWS\System32\USER32.dll
0x00007ffb7ccb0000 - 0x00007ffb7ccd0000 	C:\WINDOWS\System32\win32u.dll
0x00007ffb7f960000 - 0x00007ffb7f988000 	C:\WINDOWS\System32\GDI32.dll
0x00007ffb7ccd0000 - 0x00007ffb7ce63000 	C:\WINDOWS\System32\gdi32full.dll
0x00007ffb7cf20000 - 0x00007ffb7cfbb000 	C:\WINDOWS\System32\msvcp_win.dll
0x00007ffb7d450000 - 0x00007ffb7d546000 	C:\WINDOWS\System32\ucrtbase.dll
0x00007ffb6ed50000 - 0x00007ffb6efb9000 	C:\WINDOWS\WinSxS\amd64_microsoft.windows.common-controls_6595b64144ccf1df_6.0.16299.248_none_15ced204935f55d7\COMCTL32.dll
0x00007ffb7ff00000 - 0x00007ffb80208000 	C:\WINDOWS\System32\combase.dll
0x00007ffb7dd00000 - 0x00007ffb7dd72000 	C:\WINDOWS\System32\bcryptPrimitives.dll
0x00007ffb80210000 - 0x00007ffb8023d000 	C:\WINDOWS\System32\IMM32.DLL
0x0000000071f00000 - 0x0000000071fd2000 	C:\Program Files\Android\Android Studio\jre\jre\bin\msvcr100.dll
0x00000000720c0000 - 0x00000000728fe000 	C:\Program Files\Android\Android Studio\jre\jre\bin\server\jvm.dll
0x00007ffb7f700000 - 0x00007ffb7f708000 	C:\WINDOWS\System32\PSAPI.DLL
0x00007ffb7b880000 - 0x00007ffb7b889000 	C:\WINDOWS\SYSTEM32\WSOCK32.dll
0x00007ffb72830000 - 0x00007ffb7283a000 	C:\WINDOWS\SYSTEM32\VERSION.dll
0x00007ffb78b50000 - 0x00007ffb78b73000 	C:\WINDOWS\SYSTEM32\WINMM.dll
0x00007ffb7f8e0000 - 0x00007ffb7f94c000 	C:\WINDOWS\System32\WS2_32.dll
0x00007ffb78af0000 - 0x00007ffb78b1a000 	C:\WINDOWS\SYSTEM32\winmmbase.dll
0x00007ffb7d230000 - 0x00007ffb7d27a000 	C:\WINDOWS\System32\cfgmgr32.dll
0x00007ffb6bc10000 - 0x00007ffb6bc1f000 	C:\Program Files\Android\Android Studio\jre\jre\bin\verify.dll
0x00007ffb65110000 - 0x00007ffb65139000 	C:\Program Files\Android\Android Studio\jre\jre\bin\java.dll
0x00007ffb6bbf0000 - 0x00007ffb6bc06000 	C:\Program Files\Android\Android Studio\jre\jre\bin\zip.dll
0x00007ffb7e2c0000 - 0x00007ffb7f6f6000 	C:\WINDOWS\System32\SHELL32.dll
0x00007ffb80240000 - 0x00007ffb802e6000 	C:\WINDOWS\System32\shcore.dll
0x00007ffb7d5b0000 - 0x00007ffb7dcf7000 	C:\WINDOWS\System32\windows.storage.dll
0x00007ffb7fea0000 - 0x00007ffb7fef1000 	C:\WINDOWS\System32\shlwapi.dll
0x00007ffb7cc50000 - 0x00007ffb7cc61000 	C:\WINDOWS\System32\kernel.appcore.dll
0x00007ffb7cc00000 - 0x00007ffb7cc4c000 	C:\WINDOWS\System32\powrprof.dll
0x00007ffb7cc70000 - 0x00007ffb7cc8b000 	C:\WINDOWS\System32\profapi.dll
0x00007ffb66630000 - 0x00007ffb6664a000 	C:\Program Files\Android\Android Studio\jre\jre\bin\net.dll
0x00007ffb7c490000 - 0x00007ffb7c4f6000 	C:\WINDOWS\system32\mswsock.dll
0x00007ffb66060000 - 0x00007ffb66071000 	C:\Program Files\Android\Android Studio\jre\jre\bin\nio.dll
0x00007ffb6bd30000 - 0x00007ffb6bd4e000 	C:\Users\dylan\.gradle\native\25\windows-amd64\native-platform.dll
0x00007ffb676e0000 - 0x00007ffb676ed000 	C:\Program Files\Android\Android Studio\jre\jre\bin\management.dll
0x00007ffb7c650000 - 0x00007ffb7c667000 	C:\WINDOWS\SYSTEM32\CRYPTSP.dll
0x00007ffb7c0a0000 - 0x00007ffb7c0d3000 	C:\WINDOWS\system32\rsaenh.dll
0x00007ffb7c760000 - 0x00007ffb7c785000 	C:\WINDOWS\SYSTEM32\bcrypt.dll
0x00007ffb7cb00000 - 0x00007ffb7cb29000 	C:\WINDOWS\SYSTEM32\USERENV.dll
0x00007ffb7c670000 - 0x00007ffb7c67b000 	C:\WINDOWS\SYSTEM32\CRYPTBASE.dll
0x00007ffb7c220000 - 0x00007ffb7c259000 	C:\WINDOWS\SYSTEM32\IPHLPAPI.DLL
0x00007ffb7f950000 - 0x00007ffb7f958000 	C:\WINDOWS\System32\NSI.dll
0x00007ffb74b50000 - 0x00007ffb74b66000 	C:\WINDOWS\SYSTEM32\dhcpcsvc6.DLL
0x00007ffb76b90000 - 0x00007ffb76baa000 	C:\WINDOWS\SYSTEM32\dhcpcsvc.DLL
0x00007ffb53c60000 - 0x00007ffb53c84000 	C:\Program Files\Android\Android Studio\jre\jre\bin\sunec.dll
0x00007ffb7c260000 - 0x00007ffb7c316000 	C:\WINDOWS\SYSTEM32\DNSAPI.dll
0x0000000072c80000 - 0x0000000072ca6000 	C:\Program Files\Bonjour\mdnsNSP.dll
0x00007ffb6e5b0000 - 0x00007ffb6e5ba000 	C:\Windows\System32\rasadhlp.dll
0x00007ffb6e530000 - 0x00007ffb6e5a0000 	C:\WINDOWS\System32\fwpuclnt.dll
0x00007ffb6bd20000 - 0x00007ffb6bd2b000 	C:\Program Files\Android\Android Studio\jre\jre\bin\sunmscapi.dll
0x00007ffb7d280000 - 0x00007ffb7d44e000 	C:\WINDOWS\System32\CRYPT32.dll
0x00007ffb7cc90000 - 0x00007ffb7cca2000 	C:\WINDOWS\System32\MSASN1.dll

VM Arguments:
jvm_args: -Xmx1536m -Dfile.encoding=windows-1252 -Duser.country=US -Duser.language=en -Duser.variant 
java_command: org.gradle.launcher.daemon.bootstrap.GradleDaemon 4.1
java_class_path (initial): C:\Users\dylan\.gradle\wrapper\dists\gradle-4.1-all\bzyivzo6n839fup2jbap0tjew\gradle-4.1\lib\gradle-launcher-4.1.jar
Launcher Type: SUN_STANDARD

Environment Variables:
JAVA_HOME=C:\Program Files\Java\jdk1.8.0_151
PATH=C:\Program Files\IBM\ILOG\CPLEX_Studio_Community127\opl\bin\x64_win64;C:\Program Files\IBM\ILOG\CPLEX_Studio_Community127\opl\oplide\;C:\Program Files\IBM\ILOG\CPLEX_Studio_Community127\cplex\bin\x64_win64;C:\Program Files\IBM\ILOG\CPLEX_Studio_Community127\cpoptimizer\bin\x64_win64;C:\ProgramData\Oracle\Java\javapath;C:\Program Files (x86)\Intel\iCLS Client\;C:\Program Files\Intel\iCLS Client\;C:\Windows\system32;C:\Windows;C:\Windows\System32\Wbem;C:\Windows\System32\WindowsPowerShell\v1.0\;C:\Program Files (x86)\Intel\Intel(R) Management Engine Components\DAL;C:\Program Files\Intel\Intel(R) Management Engine Components\DAL;C:\Program Files (x86)\Intel\Intel(R) Management Engine Components\IPT;C:\Program Files\Intel\Intel(R) Management Engine Components\IPT;C:\Program Files (x86)\NVIDIA Corporation\PhysX\Common;C:\Program Files\nodejs\;C:\Program Files\MiKTeX 2.9\miktex\bin\x64\;C:\WINDOWS\system32;C:\WINDOWS;C:\WINDOWS\System32\Wbem;C:\WINDOWS\System32\WindowsPowerShell\v1.0\;C:\Program Files\Git\cmd;C:\Program Files\Java\jdk1.8.0_151\bin;C:\spark-2.2.1-bin-hadoop2.7\spark-2.2.1-bin-hadoop2.7\bin;C:\Users\dylan\AppData\Local\Programs\Python\Python36-32\Scripts\;C:\Users\dylan\AppData\Local\Programs\Python\Python36-32\;C:\Users\dylan\AppData\Local\Microsoft\WindowsApps;C:\Users\dylan\AppData\Roaming\npm;C:\Users\dylan\AppData\Local\GitHubDesktop\bin;C:\Users\dylan\AppData\Local\Microsoft\WindowsApps;
USERNAME=dylan
OS=Windows_NT
PROCESSOR_IDENTIFIER=Intel64 Family 6 Model 94 Stepping 3, GenuineIntel



---------------  S Y S T E M  ---------------

OS: Windows 10.0 , 64 bit Build 16299 (10.0.16299.15)

CPU:total 8 (initial active 8) (4 cores per cpu, 2 threads per core) family 6 model 94 stepping 3, cmov, cx8, fxsr, mmx, sse, sse2, sse3, ssse3, sse4.1, sse4.2, popcnt, avx, avx2, aes, clmul, erms, rtm, 3dnowpref, lzcnt, ht, tsc, tscinvbit, bmi1, bmi2, adx

Memory: 4k page, physical 16635468k(1754928k free), swap 16635468k(15656k free)

vm_info: OpenJDK 64-Bit Server VM (25.152-b01) for windows-amd64 JRE (1.8.0_152-release-915-b01), built by "builder" with MS VC++ 10.0 (VS2010)

time: Mon Feb 26 17:09:55 2018
elapsed time: 526 seconds (0d 0h 8m 46s)

